<?xml version="1.0" encoding="UTF-8"?>
<!-- Generated by org.testng.reporters.JUnitReportReporter -->
<testsuite hostname="DESKTOP-PLICNIS" failures="0" tests="7" name="homePage.MyTestCases" time="0.181" errors="0" timestamp="2024-09-05T08:07:47 EET" skipped="0">
  <testcase classname="homePage.MyTestCases" name="defaultLanguageEnglishTest" time="0.041"/>
  <system-out/>
  <testcase classname="homePage.MyTestCases" name="defaultCurrencyTest" time="0.026"/>
  <system-out/>
  <testcase classname="homePage.MyTestCases" name="contactNumberTest" time="0.022"/>
  <system-out/>
  <testcase classname="homePage.MyTestCases" name="qitafLogoTest" time="0.025"/>
  <system-out/>
  <testcase classname="homePage.MyTestCases" name="hotelSearchIsNotSelected" time="0.023"/>
  <system-out/>
  <testcase classname="homePage.MyTestCases" name="flightDepartureDate" time="0.021"/>
  <system-out/>
  <testcase classname="homePage.MyTestCases" name="flightReturnDate" time="0.023"/>
  <system-out/>
</testsuite> <!-- homePage.MyTestCases -->
