<?xml version="1.0" encoding="UTF-8"?>
<!-- Generated by org.testng.reporters.JUnitReportReporter -->
<testsuite hostname="DESKTOP-PLICNIS" failures="0" tests="12" name="homePage.MyTestCases" time="22.951" errors="0" timestamp="2024-09-07T11:12:29 EET" skipped="0">
  <testcase classname="homePage.MyTestCases" name="defaultLanguageEnglishTest" time="0.037"/>
  <system-out/>
  <testcase classname="homePage.MyTestCases" name="defaultCurrencyTest" time="0.035"/>
  <system-out/>
  <testcase classname="homePage.MyTestCases" name="contactNumberTest" time="0.027"/>
  <system-out/>
  <testcase classname="homePage.MyTestCases" name="qitafLogoTest" time="0.032"/>
  <system-out/>
  <testcase classname="homePage.MyTestCases" name="hotelSearchIsNotSelected" time="0.033"/>
  <system-out/>
  <testcase classname="homePage.MyTestCases" name="flightDepartureDate" time="0.023"/>
  <system-out/>
  <testcase classname="homePage.MyTestCases" name="flightReturnDate" time="0.026"/>
  <system-out/>
  <testcase classname="homePage.MyTestCases" name="pageLanguageTest" time="2.030"/>
  <system-out/>
  <testcase classname="homePage.MyTestCases" name="hotelsBtnAndSearch" time="0.601"/>
  <system-out/>
  <testcase classname="homePage.MyTestCases" name="selectNumberOfVisitors" time="5.073"/>
  <system-out/>
  <testcase classname="homePage.MyTestCases" name="pageLoadedSuccessfully" time="14.035"/>
  <system-out/>
  <testcase classname="homePage.MyTestCases" name="lowestPriceSortingTest" time="0.999"/>
  <system-out/>
</testsuite> <!-- homePage.MyTestCases -->
